app/build/outputs/logs/manifest-merger-debug-report.txt
-- Merging decision tree log ---
manifest
ADDED from src\main\AndroidManifest.xml:2:1-40:12
	package
		ADDED from src\main\AndroidManifest.xml:3:5-46
		INJECTED from src\main\AndroidManifest.xml
		INJECTED from src\main\AndroidManifest.xml
	android:versionName
		INJECTED from src\main\AndroidManifest.xml
		INJECTED from src\main\AndroidManifest.xml
	xmlns:android
		ADDED from src\main\AndroidManifest.xml:2:11-69
	android:versionCode
		INJECTED from src\main\AndroidManifest.xml
		INJECTED from src\main\AndroidManifest.xml
application
ADDED from src\main\AndroidManifest.xml:5:5-38:19
MERGED from [com.android.support:appcompat-v7:21.0.3] AndroidManifest.xml:16:5-19
MERGED from [com.android.support:support-v4:21.0.3] AndroidManifest.xml:16:5-19
	android:label
		ADDED from src\main\AndroidManifest.xml:8:9-41
	android:allowBackup
		ADDED from src\main\AndroidManifest.xml:6:9-35
	android:icon
		ADDED from src\main\AndroidManifest.xml:7:9-38
	android:theme
		ADDED from src\main\AndroidManifest.xml:9:9-49
activity#com.example.projudah.cookhelper.Home
ADDED from src\main\AndroidManifest.xml:11:9-14:66
	android:label
		ADDED from src\main\AndroidManifest.xml:13:13-45
	android:windowSoftInputMode
		ADDED from src\main\AndroidManifest.xml:14:13-54
	android:name
		ADDED from src\main\AndroidManifest.xml:12:13-33
activity#com.example.projudah.cookhelper.Launch
ADDED from src\main\AndroidManifest.xml:15:9-23:20
	android:label
		ADDED from src\main\AndroidManifest.xml:17:13-39
	android:name
		ADDED from src\main\AndroidManifest.xml:16:13-35
intent-filter#android.intent.action.MAIN+android.intent.category.LAUNCHER
ADDED from src\main\AndroidManifest.xml:18:13-22:29
action#android.intent.action.MAIN
ADDED from src\main\AndroidManifest.xml:19:17-69
	android:name
		ADDED from src\main\AndroidManifest.xml:19:25-66
category#android.intent.category.LAUNCHER
ADDED from src\main\AndroidManifest.xml:21:17-77
	android:name
		ADDED from src\main\AndroidManifest.xml:21:27-74
activity#com.example.projudah.cookhelper.Add
ADDED from src\main\AndroidManifest.xml:24:9-27:66
	android:label
		ADDED from src\main\AndroidManifest.xml:26:13-55
	android:windowSoftInputMode
		ADDED from src\main\AndroidManifest.xml:27:13-54
	android:name
		ADDED from src\main\AndroidManifest.xml:25:13-32
activity#com.example.projudah.cookhelper.Viewrecipe
ADDED from src\main\AndroidManifest.xml:28:9-30:74
	android:label
		ADDED from src\main\AndroidManifest.xml:30:13-62
	android:name
		ADDED from src\main\AndroidManifest.xml:29:13-39
activity#com.example.projudah.cookhelper.Edit
ADDED from src\main\AndroidManifest.xml:31:9-34:66
	android:label
		ADDED from src\main\AndroidManifest.xml:33:13-56
	android:windowSoftInputMode
		ADDED from src\main\AndroidManifest.xml:34:13-54
	android:name
		ADDED from src\main\AndroidManifest.xml:32:13-33
activity#com.example.projudah.cookhelper.Ingredients
ADDED from src\main\AndroidManifest.xml:35:9-37:75
	android:label
		ADDED from src\main\AndroidManifest.xml:37:13-63
	android:name
		ADDED from src\main\AndroidManifest.xml:36:13-40
uses-sdk
INJECTED from src\main\AndroidManifest.xml reason: use-sdk injection requested
MERGED from [com.android.support:appcompat-v7:21.0.3] AndroidManifest.xml:15:5-42
MERGED from [com.android.support:support-v4:21.0.3] AndroidManifest.xml:15:5-42
	android:targetSdkVersion
		INJECTED from src\main\AndroidManifest.xml
		INJECTED from src\main\AndroidManifest.xml
	android:minSdkVersion
		INJECTED from src\main\AndroidManifest.xml
		INJECTED from src\main\AndroidManifest.xml